time="2023-05-08T19:39:49+03:00" level=info msg="Create router" func="main.main()" file="main.go:18"
time="2023-05-08T19:39:49+03:00" level=info msg="Cookie session storage successfully created" func="main.main()" file="main.go:20"
time="2023-05-08T19:39:49+03:00" level=info msg="Starting application on port :8080" func="main.runHTTPServer()" file="main.go:34"
time="2023-05-08T19:39:49+03:00" level=fatal msg="listen tcp: address 8080: missing port in address" func="main.runHTTPServer()" file="main.go:37"
time="2023-05-08T19:40:09+03:00" level=info msg="Create router" func="main.main()" file="main.go:18"
time="2023-05-08T19:40:09+03:00" level=info msg="Cookie session storage successfully created" func="main.main()" file="main.go:20"
time="2023-05-08T19:40:09+03:00" level=info msg="Starting application on port :8080" func="main.runHTTPServer()" file="main.go:34"
time="2023-05-08T19:40:46+03:00" level=info msg="Create router" func="main.main()" file="main.go:18"
time="2023-05-08T19:40:46+03:00" level=info msg="Cookie session storage successfully created" func="main.main()" file="main.go:20"
time="2023-05-08T19:40:46+03:00" level=info msg="Starting application on port :8080" func="main.runHTTPServer()" file="main.go:34"
time="2023-05-08T19:41:51+03:00" level=info msg="Create router" func="main.main()" file="main.go:18"
time="2023-05-08T19:41:51+03:00" level=info msg="Cookie session storage successfully created" func="main.main()" file="main.go:20"
time="2023-05-08T19:41:51+03:00" level=info msg="Starting application on port :8080" func="main.runHTTPServer()" file="main.go:34"
time="2023-05-08T19:41:55+03:00" level=trace msg="size: 2, uid: e34b4d23-90f3-4d73-8066-23e7329b0e87, gid: 5db88933-0db1-4a29-818d-c12afd70004b. Game created successfully." func="simple_web_games/internal/service.(*handler).CreateGame()" file="handler.go:107"
time="2023-05-08T19:42:28+03:00" level=trace msg="size: 2, uid: d9023489-44fc-4127-892b-9d892a615203, gid: f8b4707d-cc0b-40a5-9d0b-f6093d42d4b0. Game created successfully." func="simple_web_games/internal/service.(*handler).CreateGame()" file="handler.go:107"
time="2023-05-08T19:42:49+03:00" level=trace msg="size: 2, uid: 1842b673-db92-490f-9dad-a3a0894aba96, gid: 5ee983ac-7b6a-4e47-b711-fb7212f064c8. Game created successfully." func="simple_web_games/internal/service.(*handler).CreateGame()" file="handler.go:107"
time="2023-05-08T19:43:06+03:00" level=trace msg="{0 move made}" func="simple_web_games/internal/service.(*handler).GameProgress()" file="handler.go:180"
time="2023-05-08T19:43:30+03:00" level=info msg="Create router" func="main.main()" file="main.go:18"
time="2023-05-08T19:43:30+03:00" level=info msg="Cookie session storage successfully created" func="main.main()" file="main.go:20"
time="2023-05-08T19:43:30+03:00" level=info msg="Starting application on port :8080" func="main.runHTTPServer()" file="main.go:34"
time="2023-05-08T19:45:55+03:00" level=info msg="Create router" func="main.main()" file="main.go:18"
time="2023-05-08T19:45:55+03:00" level=info msg="Cookie session storage successfully created" func="main.main()" file="main.go:20"
time="2023-05-08T19:45:55+03:00" level=info msg="Starting application on port :8080" func="main.runHTTPServer()" file="main.go:34"
time="2023-05-08T19:48:20+03:00" level=info msg="Create router" func="main.main()" file="main.go:18"
time="2023-05-08T19:48:20+03:00" level=info msg="Cookie session storage successfully created" func="main.main()" file="main.go:20"
time="2023-05-08T19:48:29+03:00" level=info msg="Create router" func="main.main()" file="main.go:18"
time="2023-05-08T19:48:29+03:00" level=info msg="Cookie session storage successfully created" func="main.main()" file="main.go:20"
time="2023-05-08T19:48:29+03:00" level=info msg="Starting application on port :8080" func="main.runHTTPServer()" file="main.go:34"
time="2023-05-08T19:48:43+03:00" level=info msg="Create router" func="main.main()" file="main.go:18"
time="2023-05-08T19:48:43+03:00" level=info msg="Cookie session storage successfully created" func="main.main()" file="main.go:20"
time="2023-05-08T19:48:43+03:00" level=info msg="Starting application on port :8080" func="main.runHTTPServer()" file="main.go:34"
time="2023-05-08T19:51:52+03:00" level=info msg="Create router" func="main.main()" file="main.go:18"
time="2023-05-08T19:51:52+03:00" level=info msg="Cookie session storage successfully created" func="main.main()" file="main.go:20"
time="2023-05-08T19:51:52+03:00" level=info msg="Starting application on port :8080" func="main.runHTTPServer()" file="main.go:29"
time="2023-05-08T19:51:58+03:00" level=trace msg="size: 2, uid: 227f9172-6264-4ba9-ad59-079dd6a5efd0, gid: 9456f97c-1ddb-4152-bb13-54107eebefe7. Game created successfully." func="simple_web_games/internal/service.(*handler).CreateGame()" file="handler.go:107"
